<?xml version="1.0" encoding="UTF-8"?>
<!-- Generated by org.testng.reporters.JUnitReportReporter -->
<testsuite hostname="DESKTOP-GNSDR8S" failures="0" tests="1" name="com.ecommerce.testCases.PaymentPageTest" time="16.421" errors="0" timestamp="2025-01-09T20:34:55 IST" skipped="0">
  <testcase classname="com.ecommerce.testCases.PaymentPageTest" name="verifyPayment" time="16.421"/>
</testsuite> <!-- com.ecommerce.testCases.PaymentPageTest -->
