<?xml version="1.0" encoding="UTF-8"?>
<!-- Generated by org.testng.reporters.JUnitReportReporter -->
<testsuite hostname="DESKTOP-GNSDR8S" failures="0" tests="1" name="com.ecommerce.testCases.CheckoutFromCartTest" time="10.697" errors="0" timestamp="2025-01-29T16:19:53 IST" skipped="0">
  <testcase classname="com.ecommerce.testCases.CheckoutFromCartTest" name="checkoutItems" time="10.697"/>
</testsuite> <!-- com.ecommerce.testCases.CheckoutFromCartTest -->
