<?xml version="1.0" encoding="UTF-8"?>
<!-- Generated by org.testng.reporters.JUnitReportReporter -->
<testsuite hostname="DESKTOP-GNSDR8S" failures="0" tests="1" name="com.ecommerce.testCases.RegisterUserTest" time="5.329" errors="0" timestamp="2025-01-29T16:19:53 IST" skipped="0">
  <testcase classname="com.ecommerce.testCases.RegisterUserTest" name="validateRegisterUser" time="5.329"/>
</testsuite> <!-- com.ecommerce.testCases.RegisterUserTest -->
