<?xml version="1.0" encoding="UTF-8"?>
<!-- Generated by org.testng.reporters.JUnitReportReporter -->
<testsuite hostname="DESKTOP-GNSDR8S" failures="0" tests="1" name="com.ecommerce.testCases.DeleteItemsFromCartTest" time="16.706" errors="0" timestamp="2025-01-13T08:29:21 IST" skipped="0">
  <testcase classname="com.ecommerce.testCases.DeleteItemsFromCartTest" name="verifyDeleteItems" time="16.706"/>
</testsuite> <!-- com.ecommerce.testCases.DeleteItemsFromCartTest -->
