<?xml version="1.0" encoding="UTF-8"?>
<!-- Generated by org.testng.reporters.JUnitReportReporter -->
<testsuite hostname="DESKTOP-GNSDR8S" failures="0" tests="1" name="com.ecommerce.testCases.SignOutTest" time="0.647" errors="0" timestamp="2025-02-15T23:37:27 IST" skipped="0">
  <testcase classname="com.ecommerce.testCases.SignOutTest" name="verifySignOut" time="0.647"/>
</testsuite> <!-- com.ecommerce.testCases.SignOutTest -->
