<?xml version="1.0" encoding="UTF-8"?>
<!-- Generated by org.testng.reporters.JUnitReportReporter -->
<testsuite hostname="DESKTOP-GNSDR8S" failures="0" tests="1" name="com.ecommerce.testCases.LoginTest" time="4.265" errors="0" timestamp="2025-01-29T16:19:53 IST" skipped="0">
  <testcase classname="com.ecommerce.testCases.LoginTest" name="verifyLogin" time="4.265"/>
</testsuite> <!-- com.ecommerce.testCases.LoginTest -->
