<?xml version="1.0" encoding="UTF-8"?>
<!-- Generated by org.testng.reporters.JUnitReportReporter -->
<testsuite hostname="DESKTOP-GNSDR8S" failures="0" tests="1" name="com.ecommerce.testCases.VerifyLoginTest" time="4.276" errors="0" timestamp="2025-01-12T18:13:11 IST" skipped="0">
  <testcase classname="com.ecommerce.testCases.VerifyLoginTest" name="verifyLogin" time="4.276"/>
</testsuite> <!-- com.ecommerce.testCases.VerifyLoginTest -->
