<?xml version="1.0" encoding="UTF-8"?>
<!-- Generated by org.testng.reporters.JUnitReportReporter -->
<testsuite hostname="DESKTOP-GNSDR8S" failures="0" tests="1" name="com.ecommerce.testCases.AddToCartTest" time="15.266" errors="0" timestamp="2025-01-13T08:29:21 IST" skipped="0">
  <testcase classname="com.ecommerce.testCases.AddToCartTest" name="verifyAddToCart" time="15.266"/>
</testsuite> <!-- com.ecommerce.testCases.AddToCartTest -->
