<?xml version="1.0" encoding="UTF-8"?>
<!-- Generated by org.testng.reporters.JUnitReportReporter -->
<testsuite hostname="DESKTOP-GNSDR8S" failures="0" tests="1" name="com.ecommerce.testCases.CartPageTest" time="15.712" errors="0" timestamp="2025-01-09T20:34:55 IST" skipped="0">
  <testcase classname="com.ecommerce.testCases.CartPageTest" name="checkoutItems" time="15.712"/>
</testsuite> <!-- com.ecommerce.testCases.CartPageTest -->
