<?xml version="1.0" encoding="UTF-8"?>
<!-- Generated by org.testng.reporters.JUnitReportReporter -->
<testsuite hostname="DESKTOP-GNSDR8S" failures="0" tests="1" name="com.ecommerce.testCases.VerifyPaymentTest" time="9.982" errors="0" timestamp="2025-02-15T23:33:09 IST" skipped="0">
  <testcase classname="com.ecommerce.testCases.VerifyPaymentTest" name="verifyPayment" time="9.982"/>
</testsuite> <!-- com.ecommerce.testCases.VerifyPaymentTest -->
